<?xml version="1.0" encoding="UTF-8"?>
<!-- Generated by org.testng.reporters.JUnitReportReporter -->
<testsuite hostname="LAPTOP-KP63N8TU" failures="0" tests="3" name="TestNG.Priority2" time="0.009" errors="0" timestamp="2022-07-17T20:43:38 IST" skipped="0">
  <testcase classname="TestNG.Priority2" name="q" time="0.007"/>
  <system-out/>
  <testcase classname="TestNG.Priority2" name="p" time="0.001"/>
  <system-out/>
  <testcase classname="TestNG.Priority2" name="r" time="0.001"/>
  <system-out/>
</testsuite> <!-- TestNG.Priority2 -->
