<?xml version="1.0" encoding="UTF-8"?>
<!-- Generated by org.testng.reporters.JUnitReportReporter -->
<testsuite hostname="LAPTOP-KP63N8TU" failures="0" tests="1" name="TestNG.D_TestCase3" time="5.301" errors="0" timestamp="2022-07-20T15:40:19 IST" skipped="0">
  <testcase classname="TestNG.D_TestCase3" name="verifyTitleOfPage" time="5.301"/>
  <system-out/>
</testsuite> <!-- TestNG.D_TestCase3 -->
