<?xml version="1.0" encoding="UTF-8"?>
<!-- Generated by org.testng.reporters.JUnitReportReporter -->
<testsuite hostname="LAPTOP-KP63N8TU" failures="0" tests="1" name="TestNG.Test1" time="0.001" errors="0" timestamp="2022-07-20T15:03:47 IST" skipped="0">
  <testcase classname="TestNG.Test1" name="display" time="0.001"/>
  <system-out/>
</testsuite> <!-- TestNG.Test1 -->
