<?xml version="1.0" encoding="UTF-8"?>
<!-- Generated by org.testng.reporters.JUnitReportReporter -->
<testsuite hostname="LAPTOP-KP63N8TU" failures="0" tests="3" name="TestNG.Priority1" time="0.010" errors="0" timestamp="2022-07-17T20:38:11 IST" skipped="0">
  <testcase classname="TestNG.Priority1" name="q" time="0.001"/>
  <system-out/>
  <testcase classname="TestNG.Priority1" name="p" time="0.008"/>
  <system-out/>
  <testcase classname="TestNG.Priority1" name="r" time="0.001"/>
  <system-out/>
</testsuite> <!-- TestNG.Priority1 -->
