<?xml version="1.0" encoding="UTF-8"?>
<!-- Generated by org.testng.reporters.JUnitReportReporter -->
<testsuite hostname="LAPTOP-KP63N8TU" failures="0" tests="1" name="TestNG.C_TestCase2" time="10.187" errors="0" timestamp="2022-07-20T15:40:19 IST" skipped="0">
  <testcase classname="TestNG.C_TestCase2" name="display1" time="10.187"/>
  <system-out/>
</testsuite> <!-- TestNG.C_TestCase2 -->
