<?xml version="1.0" encoding="UTF-8"?>
<!-- Generated by org.testng.reporters.JUnitReportReporter -->
<testsuite hostname="LAPTOP-KP63N8TU" failures="0" tests="3" name="TestNG.G_Priority3" time="0.003" errors="0" timestamp="2022-07-20T15:40:19 IST" skipped="0">
  <testcase classname="TestNG.G_Priority3" name="q" time="0.000"/>
  <system-out/>
  <testcase classname="TestNG.G_Priority3" name="p" time="0.002"/>
  <system-out/>
  <testcase classname="TestNG.G_Priority3" name="r" time="0.001"/>
  <system-out/>
</testsuite> <!-- TestNG.G_Priority3 -->
