<?xml version="1.0" encoding="UTF-8"?>
<!-- Generated by org.testng.reporters.JUnitReportReporter -->
<testsuite hostname="LAPTOP-KP63N8TU" failures="0" tests="3" name="TestNG.E_Priority1" time="0.005" errors="0" timestamp="2022-07-20T15:40:19 IST" skipped="0">
  <testcase classname="TestNG.E_Priority1" name="q" time="0.001"/>
  <system-out/>
  <testcase classname="TestNG.E_Priority1" name="r" time="0.002"/>
  <system-out/>
  <testcase classname="TestNG.E_Priority1" name="p" time="0.002"/>
  <system-out/>
</testsuite> <!-- TestNG.E_Priority1 -->
