<?xml version="1.0" encoding="UTF-8"?>
<!-- Generated by org.testng.reporters.JUnitReportReporter -->
<testsuite hostname="LAPTOP-KP63N8TU" failures="0" tests="1" name="TestNG.A_AnotationsExecutionSequence" time="0.004" errors="0" timestamp="2022-07-20T15:40:19 IST" skipped="0">
  <testcase classname="TestNG.A_AnotationsExecutionSequence" name="testCase" time="0.004"/>
  <system-out/>
</testsuite> <!-- TestNG.A_AnotationsExecutionSequence -->
