<?xml version="1.0" encoding="UTF-8"?>
<!-- Generated by org.testng.reporters.JUnitReportReporter -->
<testsuite hostname="LAPTOP-KP63N8TU" failures="0" tests="3" name="TestNG.H_Priority4" time="0.002" errors="0" timestamp="2022-07-20T15:40:19 IST" skipped="0">
  <testcase classname="TestNG.H_Priority4" name="q" time="0.001"/>
  <system-out/>
  <testcase classname="TestNG.H_Priority4" name="r" time="0.001"/>
  <system-out/>
  <testcase classname="TestNG.H_Priority4" name="p" time="0.000"/>
  <system-out/>
</testsuite> <!-- TestNG.H_Priority4 -->
