<?xml version="1.0" encoding="UTF-8"?>
<!-- Generated by org.testng.reporters.JUnitReportReporter -->
<testsuite hostname="LAPTOP-KP63N8TU" failures="0" tests="1" name="TestNG.AnotationsSequence" time="0.004" errors="0" timestamp="2022-07-15T23:15:01 IST" skipped="0">
  <testcase classname="TestNG.AnotationsSequence" name="testCase" time="0.004"/>
  <system-out/>
</testsuite> <!-- TestNG.AnotationsSequence -->
